16:49:02 [App     ] OpenMVS x64 v2.3.0
16:49:02 [App     ] Build date: Apr 28 2024, 16:20:01
16:49:02 [App     ] CPU: Intel(R) Core(TM) i7-10700F CPU @ 2.90GHz (16 cores)
16:49:02 [App     ] RAM: 15.78GB Physical Memory 128.00TB Virtual Memory
16:49:02 [App     ] OS: Windows 8 x64
16:49:02 [App     ] Disk: 37.54GB (259.51GB) space
16:49:02 [App     ] SSE & AVX compatible CPU & OS detected
16:49:02 [App     ] Command line: TextureMesh
16:49:02 [App     ] Available options:

Generic options:
  -h [ --help ]                         produce this help message
  -w [ --working-folder ] arg           working directory (default current 
                                        directory)
  -c [ --config-file ] arg (=TextureMesh.cfg)
                                        file name containing program options
  --export-type arg (=ply)              file type used to export the 3D scene 
                                        (ply, obj, glb or gltf)
  --archive-type arg (=4294967295)      project archive type: -1-interface, 
                                        0-text, 1-binary, 2-compressed binary
  --process-priority arg (=-1)          process priority (below normal by 
                                        default)
  --max-threads arg (=0)                maximum number of threads (0 for using 
                                        all available cores)
  -v [ --verbosity ] arg (=2)           verbosity level
  --cuda-device arg (=-1)               CUDA device number to be used to 
                                        texture the mesh (-2 - CPU processing, 
                                        -1 - best GPU, >=0 - device index)

Texture options:
  -i [ --input-file ] arg               input filename containing camera poses 
                                        and image list
  -m [ --mesh-file ] arg                mesh file name to texture (overwrite 
                                        existing mesh)
  -o [ --output-file ] arg              output filename for storing the mesh
  --decimate arg (=1)                   decimation factor in range [0..1] to be
                                        applied to the input surface before 
                                        refinement (0 - auto, 1 - disabled)
  --close-holes arg (=30)               try to close small holes in the input 
                                        surface (0 - disabled)
  --resolution-level arg (=0)           how many times to scale down the images
                                        before mesh refinement
  --min-resolution arg (=640)           do not scale images lower than this 
                                        resolution
  --outlier-threshold arg (=0.0599999987)
                                        threshold used to find and remove 
                                        outlier face textures (0 - disabled)
  --cost-smoothness-ratio arg (=0.100000001)
                                        ratio used to adjust the preference for
                                        more compact patches (1 - best 
                                        quality/worst compactness, ~0 - worst 
                                        quality/best compactness)
  --virtual-face-images arg (=0)        generate texture patches using virtual 
                                        faces composed of coplanar triangles 
                                        sharing at least this number of views 
                                        (0 - disabled, 3 - good value)
  --global-seam-leveling arg (=1)       generate uniform texture patches using 
                                        global seam leveling
  --local-seam-leveling arg (=1)        generate uniform texture patch borders 
                                        using local seam leveling
  --texture-size-multiple arg (=0)      texture size should be a multiple of 
                                        this value (0 - power of two)
  --patch-packing-heuristic arg (=3)    specify the heuristic used when 
                                        deciding where to place a new patch (0 
                                        - best fit, 3 - good speed, 100 - best 
                                        speed)
  --empty-color arg (=16744231)         color used for faces not covered by any
                                        image
  --sharpness-weight arg (=0.5)         amount of sharpness to be applied on 
                                        the texture (0 - disabled)
  --orthographic-image-resolution arg (=0)
                                        orthographic image resolution to be 
                                        generated from the textured mesh - the 
                                        mesh is expected to be already 
                                        geo-referenced or at least properly 
                                        oriented (0 - disabled)
  --ignore-mask-label arg (=-1)         label value to ignore in the image 
                                        mask, stored in the MVS scene or next 
                                        to each image with '.mask.png' 
                                        extension (-1 - auto estimate mask for 
                                        lens distortion, -2 - disabled)
  --max-texture-size arg (=8192)        maximum texture size, split it in 
                                        multiple textures of this size if 
                                        needed (0 - unbounded)
16:49:02 [App     ] CUDA device 0 initialized: NVIDIA GeForce GTX 1650 (compute capability 7.5; memory 4.00GB)
16:49:02 [App     ] Camera model loaded: platform 0; camera  0; f 8.977x8.977; poses 351
16:49:02 [App     ] Scene loaded from interface format (97ms):
	351 images (351 calibrated) with a total of 267.36 MPixels (0.76 MPixels/image)
	4428 points, 0 vertices, 0 faces
